{
  "RSpec": {
    "coverage": {
      "/Users/chasephillips/futbol/lib/stat_tracker.rb": {
        "lines": [
          1,
          1,
          1,
          null,
          0,
          0,
          null,
          0,
          0,
          0,
          0,
          null,
          null,
          0,
          0,
          null,
          0,
          0,
          null,
          null,
          0,
          0,
          null,
          null,
          0,
          null,
          0,
          null,
          null,
          0,
          null,
          null,
          0,
          0,
          null,
          0,
          0,
          0,
          null,
          null,
          0,
          null,
          null,
          0,
          0,
          null,
          0,
          0,
          0,
          null,
          null,
          0,
          null,
          null,
          0,
          0,
          null,
          null,
          0,
          0,
          null,
          null,
          0,
          0,
          null,
          null,
          0,
          0,
          null,
          null,
          0,
          0,
          0,
          null,
          null,
          null,
          0,
          0,
          0,
          null,
          null,
          null,
          0,
          0,
          0,
          null,
          null,
          null,
          0,
          null,
          0,
          0,
          null,
          null,
          null,
          null,
          0,
          null,
          null,
          0,
          null,
          null,
          0,
          0,
          0,
          null,
          null,
          0,
          0,
          null,
          0,
          null,
          null,
          0,
          null,
          null,
          0,
          null,
          null,
          0,
          0,
          0,
          0,
          0,
          null,
          null,
          null,
          0,
          null,
          null,
          0,
          0,
          0,
          0,
          0,
          null,
          null,
          null,
          0,
          null,
          null,
          0,
          0,
          0,
          null,
          null,
          null,
          null,
          null
        ],
        "branches": {
          "[:if, 0, 38, 6, 38, 56]": {
            "[:then, 1, 38, 6, 38, 29]": 0,
            "[:else, 2, 38, 6, 38, 56]": 0
          },
          "[:if, 3, 49, 6, 49, 56]": {
            "[:then, 4, 49, 6, 49, 29]": 0,
            "[:else, 5, 49, 6, 49, 56]": 0
          },
          "[:if, 6, 123, 6, 125, 9]": {
            "[:then, 7, 124, 8, 124, 30]": 0,
            "[:else, 8, 123, 6, 125, 9]": 0
          },
          "[:if, 9, 134, 6, 136, 9]": {
            "[:then, 10, 135, 8, 135, 30]": 0,
            "[:else, 11, 134, 6, 136, 9]": 0
          }
        }
      },
      "/Users/chasephillips/futbol/lib/game.rb": {
        "lines": [
          null,
          null,
          null,
          null,
          null,
          null,
          null,
          1,
          1,
          null,
          0,
          null,
          null,
          null,
          0,
          0,
          0,
          0,
          null,
          null,
          null,
          null,
          null,
          null,
          null,
          null,
          null,
          null,
          null,
          null,
          null,
          null,
          null,
          null,
          null,
          null,
          null,
          0,
          null,
          null,
          null,
          null,
          null,
          null,
          null,
          null,
          null,
          null,
          null,
          null,
          null,
          null,
          null,
          null,
          null,
          null,
          null,
          null,
          0,
          null,
          null,
          0,
          null,
          0,
          0,
          null,
          0,
          0,
          null,
          null,
          null,
          null
        ],
        "branches": {
          "[:if, 0, 62, 4, 62, 53]": {
            "[:then, 1, 62, 4, 62, 14]": 0,
            "[:else, 2, 62, 4, 62, 53]": 0
          }
        }
      }
    },
    "timestamp": 1737063061
  }
}
