{
  "RSpec": {
    "coverage": {
      "/Users/dontehandy/turing_work/1mod/projects/futbol/lib/stat_tracker.rb": {
        "lines": [
          1,
          1,
          null,
          1,
          12,
          12,
          12,
          null,
          null,
          1,
          12,
          null,
          12,
          44766,
          null,
          null,
          12,
          312,
          null,
          null,
          12,
          null,
          89412,
          null,
          null,
          12,
          null,
          null,
          1,
          1,
          null,
          1,
          7441,
          7441,
          null,
          null,
          1,
          null,
          null,
          1,
          1,
          null,
          1,
          7441,
          7441,
          null,
          null,
          1,
          null,
          null,
          1,
          null,
          2,
          7461,
          null,
          null,
          null,
          null,
          2,
          null,
          null,
          1,
          null,
          null,
          2,
          2,
          7461,
          null,
          null,
          2,
          12,
          null,
          7461,
          null,
          null,
          12,
          null,
          null,
          2,
          null,
          null,
          null
        ],
        "branches": {
          "[:if, 0, 34, 6, 34, 56]": {
            "[:then, 1, 34, 6, 34, 29]": 6,
            "[:else, 2, 34, 6, 34, 56]": 7435
          },
          "[:if, 3, 45, 6, 45, 56]": {
            "[:then, 4, 45, 6, 45, 29]": 0,
            "[:else, 5, 45, 6, 45, 56]": 7441
          }
        }
      }
    },
    "timestamp": 1737050206
  }
}
